2024-10-08 14:46:00 INFO app.model.model Modelo cargado desde models/model.joblib
2024-10-08 14:46:00 INFO app.main Modelo cargado exitosamente.
2024-10-08 14:50:28 INFO app.model.model Predicciones realizadas para 1 instancias.
2024-10-08 14:56:55 INFO app.model.model Modelo cargado desde models/model.joblib
2024-10-08 14:56:55 INFO app.main Modelo cargado exitosamente.
2024-10-08 14:57:26 INFO app.model.model Modelo cargado desde models/model.joblib
2024-10-08 14:57:26 INFO app.main Modelo cargado exitosamente.
2024-10-08 14:57:52 INFO app.model.model Predicciones realizadas para 1 instancias.
2024-10-08 14:58:18 INFO app.model.model Predicciones realizadas para 2 instancias.
2024-10-08 14:58:40 INFO app.model.model Predicciones realizadas para 3 instancias.
2024-10-08 14:58:59 INFO app.model.model Predicciones realizadas para 3 instancias.
2024-10-08 14:59:23 INFO app.model.model Predicciones realizadas para 3 instancias.
2024-10-08 14:59:46 INFO app.model.model Modelo cargado desde models/model.joblib
2024-10-08 14:59:46 INFO app.main Modelo cargado exitosamente.
2024-10-08 15:00:27 INFO app.model.model Modelo cargado desde models/model.joblib
2024-10-08 15:00:27 INFO app.main Modelo cargado exitosamente.
2024-10-08 15:00:59 INFO app.model.model Predicciones realizadas para 3 instancias.
2024-10-08 15:02:49 INFO app.model.model Modelo cargado desde models/model.joblib
2024-10-08 15:02:49 INFO app.main Modelo cargado exitosamente.
2024-10-08 15:03:28 INFO app.model.model Predicciones realizadas para 3 instancias.
2024-10-08 15:03:32 INFO app.model.model Predicciones realizadas para 3 instancias.
2024-10-08 15:03:43 INFO app.model.model Modelo cargado desde models/model.joblib
2024-10-08 15:03:43 INFO app.main Modelo cargado exitosamente.
2024-10-08 15:04:18 INFO app.model.model Modelo cargado desde models/model.joblib
2024-10-08 15:04:18 INFO app.main Modelo cargado exitosamente.
2024-10-08 15:06:28 INFO app.model.model Predicciones realizadas para 3 instancias.
2024-10-08 15:49:12 INFO app.model.model Modelo cargado desde models/model.joblib
2024-10-08 15:49:12 INFO app.main Modelo cargado exitosamente.
2024-10-08 15:50:58 ERROR app.model.model Error en predicción con probabilidad: 'ModelHandler' object has no attribute 'class_mapping'
2024-10-08 15:50:58 ERROR app.main Error en predicción: 'ModelHandler' object has no attribute 'class_mapping'
2024-10-08 15:51:02 ERROR app.model.model Error en predicción con probabilidad: 'ModelHandler' object has no attribute 'class_mapping'
2024-10-08 15:51:02 ERROR app.main Error en predicción: 'ModelHandler' object has no attribute 'class_mapping'
2024-10-08 15:58:48 INFO app.model.model Modelo cargado desde models/model.joblib
2024-10-08 15:58:48 INFO app.main Modelo cargado exitosamente.
2024-10-08 15:58:56 INFO app.model.model Modelo cargado desde models/model.joblib
2024-10-08 15:58:56 INFO app.main Modelo cargado exitosamente.
2024-10-08 15:59:25 INFO app.model.model Predicción: 3 con probabilidad: 0.8853
2024-10-08 15:59:26 INFO app.model.model Predicción: 3 con probabilidad: 0.8853
2024-10-08 16:01:46 INFO app.model.model Modelo cargado desde models/model.joblib
2024-10-08 16:01:46 INFO app.main Modelo cargado exitosamente.
2024-10-08 16:02:05 INFO app.model.model Predicción: 3 con probabilidad: 0.8853
